Reading netlist file: "C:\Users\berke\OneDrive\Documents\fpga projects\fpga-3dmap\impl\gwsynthesis\fpga-3dmap.vg"
Parsing netlist file "C:\Users\berke\OneDrive\Documents\fpga projects\fpga-3dmap\impl\gwsynthesis\fpga-3dmap.vg" completed
Processing netlist completed
Reading constraint file: "C:\Users\berke\OneDrive\Documents\fpga projects\fpga-3dmap\src\fpga-3dmap.cst"
Physical Constraint parsed completed
Running placement......
[10%] Placement Phase 0 completed
[20%] Placement Phase 1 completed
[30%] Placement Phase 2 completed
WARN  (TA1132) :  'hdmi_clkdiv/clkdiv_inst/CLKOUT.default_gen_clk' was determined to be a clock but was not created.
[50%] Placement Phase 3 completed
Running routing......
[60%] Routing Phase 0 completed
[70%] Routing Phase 1 completed
[80%] Routing Phase 2 completed
[90%] Routing Phase 3 completed
Running timing analysis......
[95%] Timing analysis completed
Placement and routing completed
Bitstream generation in progress......
Bitstream generation completed
Running power analysis......
[100%] Power analysis completed
Generate file "C:\Users\berke\OneDrive\Documents\fpga projects\fpga-3dmap\impl\pnr\fpga-3dmap.power.html" completed
Generate file "C:\Users\berke\OneDrive\Documents\fpga projects\fpga-3dmap\impl\pnr\fpga-3dmap.pin.html" completed
Generate file "C:\Users\berke\OneDrive\Documents\fpga projects\fpga-3dmap\impl\pnr\fpga-3dmap.rpt.html" completed
Generate file "C:\Users\berke\OneDrive\Documents\fpga projects\fpga-3dmap\impl\pnr\fpga-3dmap.rpt.txt" completed
Generate file "C:\Users\berke\OneDrive\Documents\fpga projects\fpga-3dmap\impl\pnr\fpga-3dmap.tr.html" completed
Sat Sep 20 12:06:59 2025

